<?xml version="1.0" encoding="UTF-8"?>
<testng-results skipped="0" failed="0" ignored="0" total="1" passed="1">
  <reporter-output>
  </reporter-output>
  <suite name="Default suite" duration-ms="1689" started-at="2017-10-13T21:50:18Z" finished-at="2017-10-13T21:50:20Z">
    <groups>
    </groups>
    <test name="Default test" duration-ms="1689" started-at="2017-10-13T21:50:18Z" finished-at="2017-10-13T21:50:20Z">
      <class name="newreest.testrest">
        <test-method status="PASS" signature="makeSureThatGoogle()[pri:0, instance:newreest.testrest@58651fd0]" name="makeSureThatGoogle" duration-ms="1665" started-at="2017-10-13T14:50:18Z" finished-at="2017-10-13T14:50:20Z">
          <reporter-output>
          </reporter-output>
        </test-method> <!-- makeSureThatGoogle -->
      </class> <!-- newreest.testrest -->
    </test> <!-- Default test -->
  </suite> <!-- Default suite -->
</testng-results>
